{
  "RSpec": {
    "coverage": {
      "/home/sophie/makersacademy/clones/oystercard/spec/journey_spec.rb": [
        1,
        null,
        1,
        10,
        null,
        1,
        1,
        null,
        null,
        1,
        1,
        1,
        null,
        null,
        1,
        1,
        1,
        null,
        null,
        1,
        1,
        1,
        1,
        1,
        null,
        1,
        1,
        1,
        null,
        1,
        1,
        1,
        null,
        null,
        null,
        1,
        1,
        1,
        1,
        1,
        null,
        1,
        1,
        1,
        null,
        1,
        1,
        1,
        null,
        null,
        null
      ],
      "/home/sophie/makersacademy/clones/oystercard/lib/journey.rb": [
        1,
        1,
        null,
        1,
        1,
        null,
        1,
        15,
        null,
        null,
        1,
        10,
        null,
        null,
        1,
        8,
        null,
        null,
        1,
        10,
        null,
        null
      ],
      "/home/sophie/makersacademy/clones/oystercard/spec/oystercard_spec.rb": [
        1,
        null,
        1,
        11,
        1,
        null,
        1,
        1,
        1,
        null,
        1,
        1,
        1,
        null,
        null,
        null,
        1,
        1,
        4,
        null,
        1,
        1,
        2,
        null,
        null,
        null,
        1,
        1,
        1,
        null,
        null,
        null,
        1,
        5,
        1,
        4,
        4,
        null,
        1,
        1,
        null,
        1,
        4,
        null,
        1,
        1,
        1,
        2,
        null,
        null,
        1,
        1,
        null,
        null,
        null,
        1,
        1,
        1,
        null,
        null,
        null,
        null,
        1,
        1,
        4,
        4,
        null,
        1,
        1,
        null,
        1,
        4,
        null,
        1,
        1,
        4,
        null,
        1,
        4,
        null,
        null,
        null,
        1,
        1,
        1,
        null,
        null,
        null
      ],
      "/home/sophie/makersacademy/clones/oystercard/lib/oystercard.rb": [
        1,
        null,
        1,
        1,
        null,
        1,
        14,
        14,
        null,
        null,
        1,
        12,
        11,
        null,
        null,
        1,
        19,
        null,
        null,
        1,
        11,
        10,
        10,
        10,
        null,
        null,
        1,
        5,
        5,
        5,
        5,
        5,
        null,
        null,
        1,
        null,
        1,
        1,
        null,
        1,
        12,
        null,
        null,
        1,
        10,
        null,
        null,
        1,
        5,
        null,
        null,
        1,
        11,
        null,
        null,
        1,
        5,
        null,
        null,
        1,
        5,
        null,
        null
      ],
      "/home/sophie/makersacademy/clones/oystercard/spec/station_spec.rb": [
        1,
        null,
        1,
        1,
        3,
        1,
        1,
        null,
        1,
        1,
        null,
        1,
        1,
        null,
        null,
        null
      ],
      "/home/sophie/makersacademy/clones/oystercard/lib/station.rb": [
        1,
        1,
        null,
        1,
        2,
        2,
        null,
        null
      ]
    },
    "timestamp": 1492861852
  }
}
